<?xml version="1.0" encoding="UTF-8"?>
<!-- Generated by org.testng.reporters.JUnitXMLReporter -->
<testsuite ignored="0" hostname="DESKTOP-BBB5T0T" failures="0" tests="4" name="Default test" time="13.238" errors="0" timestamp="2023-08-25T21:32:56 IST">
  <testcase classname="api.test.StoreTests" name="testPlaceOrderStore" time="5.381"/>
  <testcase classname="api.test.StoreTests" name="testGetOrderStore" time="2.206"/>
  <testcase classname="api.test.StoreTests" name="testDeleteOrderStore" time="2.338"/>
  <testcase classname="api.test.StoreTests" name="testInventoryDetailStore" time="2.47"/>
</testsuite> <!-- Default test -->
